0 info it worked if it ends with ok
1 verbose cli [ 'node', '/usr/local/bin/npm', 'install', '-g', 'bower' ]
2 info using npm@2.1.5
3 info using node@v0.10.31
4 silly cache add args [ 'bower', null ]
5 verbose cache add spec bower
6 silly cache add parsed spec { raw: 'bower',
6 silly cache add   scope: null,
6 silly cache add   name: 'bower',
6 silly cache add   rawSpec: '',
6 silly cache add   spec: '*',
6 silly cache add   type: 'range' }
7 verbose addNamed bower@*
8 silly addNamed semver.valid null
9 silly addNamed semver.validRange *
10 silly addNameRange { name: 'bower', range: '*', hasData: false }
11 verbose mapToRegistry name bower
12 verbose mapToRegistry uri https://registry.npmjs.org/bower
13 verbose addNameRange registry:https://registry.npmjs.org/bower not in flight; fetching
14 verbose request on initialization, where is /bower
15 verbose request after pass 1, where is /bower
16 verbose request url raw /bower
17 verbose request resolving registry [ 'https://registry.npmjs.org/', './bower' ]
18 verbose request after pass 2, where is https://registry.npmjs.org/bower
19 verbose request no auth needed
20 info attempt registry request try #1 at 13:51:15
21 verbose request id f82a4107456ed5ee
22 verbose etag "EL9GVN4D2OQTJL5W62F8ZVTN4"
23 http request GET https://registry.npmjs.org/bower
24 http 200 https://registry.npmjs.org/bower
25 silly registry.get cb [ 200,
25 silly registry.get   { server: 'CouchDB/1.6.1 (Erlang OTP/R16B03)',
25 silly registry.get     etag: '"C8T77HIEKTFUSFXCPJX2M2CYS"',
25 silly registry.get     'content-type': 'application/json',
25 silly registry.get     'content-encoding': 'gzip',
25 silly registry.get     'cache-control': 'max-age=300',
25 silly registry.get     'content-length': '20489',
25 silly registry.get     'accept-ranges': 'bytes',
25 silly registry.get     date: 'Sun, 26 Jun 2016 18:51:16 GMT',
25 silly registry.get     via: '1.1 varnish',
25 silly registry.get     age: '0',
25 silly registry.get     connection: 'keep-alive',
25 silly registry.get     'x-served-by': 'cache-atl6242-ATL',
25 silly registry.get     'x-cache': 'HIT',
25 silly registry.get     'x-cache-hits': '1',
25 silly registry.get     'x-timer': 'S1466967076.135338,VS0,VE31',
25 silly registry.get     vary: 'Accept-Encoding' } ]
26 silly addNameRange number 2 { name: 'bower', range: '*', hasData: true }
27 silly addNameRange versions [ 'bower',
27 silly addNameRange   [ '0.1.0',
27 silly addNameRange     '0.1.2',
27 silly addNameRange     '0.1.3',
27 silly addNameRange     '0.2.0',
27 silly addNameRange     '0.3.0',
27 silly addNameRange     '0.3.1',
27 silly addNameRange     '0.3.2',
27 silly addNameRange     '0.4.0',
27 silly addNameRange     '0.5.0',
27 silly addNameRange     '0.5.1',
27 silly addNameRange     '0.6.0',
27 silly addNameRange     '0.6.1',
27 silly addNameRange     '0.6.2',
27 silly addNameRange     '0.6.3',
27 silly addNameRange     '0.6.4',
27 silly addNameRange     '0.6.5',
27 silly addNameRange     '0.6.6',
27 silly addNameRange     '0.6.7',
27 silly addNameRange     '0.6.8',
27 silly addNameRange     '0.7.0',
27 silly addNameRange     '0.7.1',
27 silly addNameRange     '0.8.0',
27 silly addNameRange     '0.8.1',
27 silly addNameRange     '0.8.2',
27 silly addNameRange     '0.8.3',
27 silly addNameRange     '0.8.4',
27 silly addNameRange     '0.8.5',
27 silly addNameRange     '0.8.6',
27 silly addNameRange     '0.9.0',
27 silly addNameRange     '0.9.1',
27 silly addNameRange     '0.9.2',
27 silly addNameRange     '0.10.0',
27 silly addNameRange     '1.0.0',
27 silly addNameRange     '1.0.1',
27 silly addNameRange     '1.0.2',
27 silly addNameRange     '1.0.3',
27 silly addNameRange     '1.1.0',
27 silly addNameRange     '1.1.1',
27 silly addNameRange     '1.1.2',
27 silly addNameRange     '1.2.0',
27 silly addNameRange     '1.2.1',
27 silly addNameRange     '1.2.2',
27 silly addNameRange     '1.2.3',
27 silly addNameRange     '1.2.4',
27 silly addNameRange     '1.2.5',
27 silly addNameRange     '1.2.6',
27 silly addNameRange     '1.2.7',
27 silly addNameRange     '1.2.8',
27 silly addNameRange     '1.3.0',
27 silly addNameRange     '1.3.1',
27 silly addNameRange     '1.3.2',
27 silly addNameRange     '1.3.3',
27 silly addNameRange     '1.3.4',
27 silly addNameRange     '1.3.5',
27 silly addNameRange     '1.3.6',
27 silly addNameRange     '1.3.7',
27 silly addNameRange     '1.3.8',
27 silly addNameRange     '1.3.9',
27 silly addNameRange     '1.3.10',
27 silly addNameRange     '1.3.11',
27 silly addNameRange     '1.3.12',
27 silly addNameRange     '1.4.0',
27 silly addNameRange     '1.4.1',
27 silly addNameRange     '1.5.0',
27 silly addNameRange     '1.5.1',
27 silly addNameRange     '1.5.2',
27 silly addNameRange     '1.5.3',
27 silly addNameRange     '1.6.2',
27 silly addNameRange     '1.6.3',
27 silly addNameRange     '1.6.4',
27 silly addNameRange     '1.6.5',
27 silly addNameRange     '1.5.4',
27 silly addNameRange     '1.4.2',
27 silly addNameRange     '1.6.6',
27 silly addNameRange     '1.6.7',
27 silly addNameRange     '1.6.8',
27 silly addNameRange     '1.6.9',
27 silly addNameRange     '1.7.0',
27 silly addNameRange     '1.7.1',
27 silly addNameRange     '1.7.2',
27 silly addNameRange     '1.7.5',
27 silly addNameRange     '1.7.6',
27 silly addNameRange     '1.7.7',
27 silly addNameRange     '1.7.8',
27 silly addNameRange     '1.7.9' ] ]
28 verbose addNamed bower@1.7.9
29 silly addNamed semver.valid 1.7.9
30 silly addNamed semver.validRange 1.7.9
31 verbose addRemoteTarball https://registry.npmjs.org/bower/-/bower-1.7.9.tgz not in flight; adding
32 verbose addRemoteTarball [ 'https://registry.npmjs.org/bower/-/bower-1.7.9.tgz',
32 verbose addRemoteTarball   'b7296c2393e0d75edaa6ca39648132dd255812b0' ]
33 info retry fetch attempt 1 at 13:51:16
34 info attempt registry request try #1 at 13:51:16
35 http fetch GET https://registry.npmjs.org/bower/-/bower-1.7.9.tgz
36 http fetch 200 https://registry.npmjs.org/bower/-/bower-1.7.9.tgz
37 silly fetchAndShaCheck shasum b7296c2393e0d75edaa6ca39648132dd255812b0
38 verbose addTmpTarball /tmp/npm-9292-36be0805/registry.npmjs.org/bower/-/bower-1.7.9.tgz not in flight; adding
39 verbose addTmpTarball already have metadata; skipping unpack for bower@1.7.9
40 silly cache afterAdd bower@1.7.9
41 verbose afterAdd /home/flia/.npm/bower/1.7.9/package/package.json not in flight; writing
42 verbose afterAdd /home/flia/.npm/bower/1.7.9/package/package.json written
43 silly install resolved [ { name: 'bower',
43 silly install resolved     version: '1.7.9',
43 silly install resolved     description: 'The browser package manager',
43 silly install resolved     author: { name: 'Twitter' },
43 silly install resolved     license: 'MIT',
43 silly install resolved     repository: { type: 'git', url: 'git+https://github.com/bower/bower.git' },
43 silly install resolved     main: 'lib',
43 silly install resolved     bin: { bower: 'bin/bower' },
43 silly install resolved     homepage: 'http://bower.io',
43 silly install resolved     engines: { node: '>=0.10.0' },
43 silly install resolved     keywords: [ 'bower' ],
43 silly install resolved     files: [ 'bin', 'lib' ],
43 silly install resolved     bugs: { url: 'https://github.com/bower/bower/issues' },
43 silly install resolved     _id: 'bower@1.7.9',
43 silly install resolved     scripts: {},
43 silly install resolved     _shasum: 'b7296c2393e0d75edaa6ca39648132dd255812b0',
43 silly install resolved     _from: 'bower@*',
43 silly install resolved     _npmVersion: '3.7.3',
43 silly install resolved     _nodeVersion: '5.9.0',
43 silly install resolved     _npmUser: { name: 'sheerun', email: 'sheerun@sher.pl' },
43 silly install resolved     dist:
43 silly install resolved      { shasum: 'b7296c2393e0d75edaa6ca39648132dd255812b0',
43 silly install resolved        tarball: 'https://registry.npmjs.org/bower/-/bower-1.7.9.tgz' },
43 silly install resolved     maintainers:
43 silly install resolved      [ [Object],
43 silly install resolved        [Object],
43 silly install resolved        [Object],
43 silly install resolved        [Object],
43 silly install resolved        [Object],
43 silly install resolved        [Object],
43 silly install resolved        [Object] ],
43 silly install resolved     _npmOperationalInternal:
43 silly install resolved      { host: 'packages-12-west.internal.npmjs.com',
43 silly install resolved        tmp: 'tmp/bower-1.7.9.tgz_1459857239351_0.9720134933013469' },
43 silly install resolved     directories: {},
43 silly install resolved     _resolved: 'https://registry.npmjs.org/bower/-/bower-1.7.9.tgz' } ]
44 info install bower@1.7.9 into /usr/local/lib
45 info installOne bower@1.7.9
46 verbose installOne of bower to /usr/local/lib not in flight; installing
47 warn locking Error: EACCES, open '/home/flia/.npm/_locks/bower-e8debc5417026b57.lock'
47 warn locking  /home/flia/.npm/_locks/bower-e8debc5417026b57.lock failed { [Error: EACCES, open '/home/flia/.npm/_locks/bower-e8debc5417026b57.lock']
47 warn locking   errno: 3,
47 warn locking   code: 'EACCES',
47 warn locking   path: '/home/flia/.npm/_locks/bower-e8debc5417026b57.lock' }
48 verbose stack Error: Attempt to unlock /usr/local/lib/node_modules/bower, which hasn't been locked
48 verbose stack     at unlock (/usr/local/lib/node_modules/npm/lib/utils/locker.js:66:11)
48 verbose stack     at cb (/usr/local/lib/node_modules/npm/lib/install.js:929:5)
48 verbose stack     at /usr/local/lib/node_modules/npm/lib/install.js:933:20
48 verbose stack     at /usr/local/lib/node_modules/npm/lib/utils/locker.js:40:9
48 verbose stack     at cb (/usr/local/lib/node_modules/npm/node_modules/lockfile/lockfile.js:149:38)
48 verbose stack     at /usr/local/lib/node_modules/npm/node_modules/lockfile/lockfile.js:177:38
48 verbose stack     at Object.oncomplete (fs.js:107:15)
49 verbose cwd /home/flia/Proyectos/Documentation
50 error Linux 3.13.0-74-generic
51 error argv "node" "/usr/local/bin/npm" "install" "-g" "bower"
52 error node v0.10.31
53 error npm  v2.1.5
54 error Attempt to unlock /usr/local/lib/node_modules/bower, which hasn't been locked
55 error If you need help, you may report this error at:
55 error     <http://github.com/npm/npm/issues>
56 verbose exit [ 1, true ]
